<?xml version="1.0" encoding="UTF-8"?>
<!-- Generated by org.testng.reporters.JUnitXMLReporter -->
<testsuite ignored="0" hostname="DESKTOP-QQJINFP" failures="0" tests="5" name="Test" time="8.301" errors="0" timestamp="2023-05-05T20:45:19 ART">
  <testcase classname="pruebas.Clase8Test" name="iniciarSesion" time="1.926"/>
  <testcase classname="pruebas.Clase8Test" name="iniciarSesion" time="1.561"/>
  <testcase classname="pruebas.Clase8Test" name="iniciarSesion" time="1.592"/>
  <testcase classname="pruebas.Clase8Test" name="iniciarSesion" time="1.655"/>
  <testcase classname="pruebas.Clase8Test" name="iniciarSesion" time="1.533"/>
</testsuite> <!-- Test -->
