<?xml version="1.0" encoding="UTF-8"?>
<!-- Generated by org.testng.reporters.JUnitXMLReporter -->
<testsuite ignored="0" hostname="DESKTOP-QQJINFP" failures="0" tests="20" name="Surefire test" time="99.437" errors="0" timestamp="2023-05-10T21:10:44 ART">
  <testcase classname="Edit.EducacionIT_63596.AccesoABaseDeDatosTest" name="testBaseDeDatos" time="0.393"/>
  <testcase classname="Edit.EducacionIT_63596.AppTest" name="shouldAnswerWithTrue" time="0.002"/>
  <testcase classname="Edit.EducacionIT_63596.MobileEmulationTest" name="testMobileEmulation" time="29.846"/>
  <testcase classname="Edit.EducacionIT_63596.ScrollScreenshotTest" name="scrollScreenshotTest" time="39.823"/>
  <testcase classname="pruebas.Clase8Test" name="iniciarSesion" time="2.639"/>
  <testcase classname="pruebas.Clase8Test" name="iniciarSesion" time="1.935"/>
  <testcase classname="pruebas.Clase8Test" name="iniciarSesion" time="2.191"/>
  <testcase classname="pruebas.Clase8Test" name="iniciarSesion" time="1.827"/>
  <testcase classname="pruebas.Clase8Test" name="iniciarSesion" time="2.06"/>
  <testcase classname="pruebas.Clase8Test" name="iniciarSesion" time="2.216"/>
  <testcase classname="pruebas.Clase8Test" name="iniciarSesion" time="1.783"/>
  <testcase classname="pruebas.Clase8Test" name="iniciarSesion" time="1.63"/>
  <testcase classname="pruebas.Clase8Test" name="iniciarSesion" time="1.537"/>
  <testcase classname="pruebas.Clase8Test" name="iniciarSesion" time="1.49"/>
  <testcase classname="pruebas.Clase9Test" name="alertaConText" time="0.114"/>
  <testcase classname="pruebas.Clase9Test" name="alertaConfirmacion" time="0.155"/>
  <testcase classname="pruebas.Clase9Test" name="alertaDemorada" time="5.263"/>
  <testcase classname="pruebas.Clase9Test" name="alertaNotificacion" time="0.099"/>
  <testcase classname="pruebas.IniciarSesionTest" name="buscarPalabra" time="1.868"/>
  <testcase classname="pruebas.IniciarSesionTest" name="iniciarSesion" time="1.969"/>
</testsuite> <!-- Surefire test -->
