<?xml version="1.0" encoding="UTF-8"?>
<testng-results ignored="0" total="1" passed="1" failed="0" skipped="0">
  <reporter-output>
  </reporter-output>
  <suite started-at="2023-05-10T20:45:52 ART" name="Default suite" finished-at="2023-05-10T20:45:53 ART" duration-ms="473">
    <groups>
    </groups>
    <test started-at="2023-05-10T20:45:52 ART" name="Default test" finished-at="2023-05-10T20:45:53 ART" duration-ms="473">
      <class name="Edit.EducacionIT_63596.AccesoABaseDeDatosTest">
        <test-method signature="testBaseDeDatos()[pri:0, instance:Edit.EducacionIT_63596.AccesoABaseDeDatosTest@6fdbe764]" started-at="2023-05-10T20:45:52 ART" name="testBaseDeDatos" finished-at="2023-05-10T20:45:53 ART" duration-ms="437" status="PASS">
          <reporter-output>
          </reporter-output>
        </test-method> <!-- testBaseDeDatos -->
      </class> <!-- Edit.EducacionIT_63596.AccesoABaseDeDatosTest -->
    </test> <!-- Default test -->
  </suite> <!-- Default suite -->
</testng-results>
